<?xml version="1.0" encoding="UTF-8"?>
<testsuite name="TestSuite" time="9.764" tests="14" errors="0" skipped="5" failures="0">
  <properties>
    <property name="PROCESSOR_ARCHITECTURE" value="AMD64"/>
    <property name="LOGONSERVER" value="\\DESKTOP-9BA474E"/>
    <property name="ProgramData" value="C:\ProgramData"/>
    <property name="java.home" value="C:\Program Files\Java\jdk-11"/>
    <property name="NODE_NAME" value="built-in"/>
    <property name="JENKINS_URL" value="http://localhost:8080/"/>
    <property name="ALLUSERSPROFILE" value="C:\ProgramData"/>
    <property name="PSModulePath" value="C:\Program Files\WindowsPowerShell\Modules;C:\WINDOWS\system32\WindowsPowerShell\v1.0\Modules"/>
    <property name="=::" value="::\"/>
    <property name="USERDOMAIN" value="DESKTOP-9BA474E"/>
    <property name="sun.os.patch.level" value=""/>
    <property name="java.vendor.url" value="https://openjdk.java.net/"/>
    <property name="CommonProgramFiles(x86)" value="C:\Program Files (x86)\Common Files"/>
    <property name="java.version" value="11.0.21"/>
    <property name="JOB_NAME" value="DataDrivenProject"/>
    <property name="COMPUTERNAME" value="DESKTOP-9BA474E"/>
    <property name="java.vendor.url.bug" value="https://bugreport.java.com/bugreport/"/>
    <property name="PUBLIC" value="C:\Users\Public"/>
    <property name="java.version.date" value="2023-10-17"/>
    <property name="jdk.debug" value="release"/>
    <property name="user.name" value="HareKrishna"/>
    <property name="sun.io.unicode.encoding" value="UnicodeLittle"/>
    <property name="sun.jnu.encoding" value="Cp1252"/>
    <property name="java.runtime.name" value="Java(TM) SE Runtime Environment"/>
    <property name="windir" value="C:\WINDOWS"/>
    <property name="PROCESSOR_IDENTIFIER" value="Intel64 Family 6 Model 69 Stepping 1, GenuineIntel"/>
    <property name="java.specification.name" value="Java Platform API Specification"/>
    <property name="LOCALAPPDATA" value="C:\Users\HareKrishna\AppData\Local"/>
    <property name="RUN_CHANGES_DISPLAY_URL" value="http://localhost:8080/job/DataDrivenProject/29/display/redirect?page=changes"/>
    <property name="user.timezone" value="Asia/Calcutta"/>
    <property name="user.script" value=""/>
    <property name="path.separator" value=";"/>
    <property name="NUMBER_OF_PROCESSORS" value="4"/>
    <property name="BUILD_TAG" value="jenkins-DataDrivenProject-29"/>
    <property name="file.encoding" value="Cp1252"/>
    <property name="sun.java.command" value="jenkins.maven3.agent.Maven35Main D:\software\apache-maven-3.9.6-bin\apache-maven-3.9.6 C:\Users\HareKrishna\.jenkins\war\WEB-INF\lib\remoting-3206.vb_15dcf73f6a_9.jar C:\Users\HareKrishna\.jenkins\plugins\maven-plugin\WEB-INF\lib\maven35-interceptor-1.14.jar C:\Users\HareKrishna\.jenkins\plugins\maven-plugin\WEB-INF\lib\maven3-interceptor-commons-1.14.jar 61618"/>
    <property name="HUDSON_URL" value="http://localhost:8080/"/>
    <property name="JENKINS_SERVER_COOKIE" value="55521e52ce7937af"/>
    <property name="=D:" value="D:\"/>
    <property name="EXECUTOR_NUMBER" value="0"/>
    <property name="Path" value="C:\Program Files\Java\jdk-11/bin;C:\Program Files\OpenLogic\jdk-17.0.10.7-hotspot\bin;C:\Program Files (x86)\Common Files\Oracle\Java\javapath;C:\Python312\Scripts\;C:\Python312\;C:\WINDOWS\system32;C:\WINDOWS;C:\WINDOWS\System32\Wbem;C:\WINDOWS\System32\WindowsPowerShell\v1.0\;C:\WINDOWS\System32\OpenSSH\;C:\Program Files\OpenLogic\jdk-17.0.10.7-hotspot\\bin;D:\software\apache-maven-3.9.6-bin\apache-maven-3.9.6\bin;C:\Program Files\Git\cmd;C:\Program Files\nodejs\;C:\Program Files\Docker\Docker\resources\bin;C:\Program Files\Go\bin;D:\software\bc;D:\DevOps-Practice\sonar-scanner-cli-5.0.1.3006-windows\sonar-scanner-5.0.1.3006-windows\bin;C:\Users\HareKrishna\AppData\Local\Microsoft\WindowsApps;C:\Users\HareKrishna\AppData\Local\Programs\Microsoft VS Code\bin;C:\Users\HareKrishna\AppData\Roaming\npm;D:\software\apache-maven-3.9.6-bin\apache-maven-3.9.6\bin;C:\Users\HareKrishna\go\bin;D:\software\bc;"/>
    <property name="java.io.tmpdir" value="C:\Users\HAREKR~1\AppData\Local\Temp\"/>
    <property name="APPDATA" value="C:\Users\HareKrishna\AppData\Roaming"/>
    <property name="user.language" value="en"/>
    <property name="line.separator" value="&#10;"/>
    <property name="GOPATH" value="C:\Users\HareKrishna\go"/>
    <property name="BUILD_URL" value="http://localhost:8080/job/DataDrivenProject/29/"/>
    <property name="M2_HOME" value="D:\software\apache-maven-3.9.6-bin\apache-maven-3.9.6"/>
    <property name="java.vm.info" value="mixed mode"/>
    <property name="DriverData" value="C:\Windows\System32\Drivers\DriverData"/>
    <property name="sun.desktop" value="windows"/>
    <property name="java.vm.specification.name" value="Java Virtual Machine Specification"/>
    <property name="CI" value="true"/>
    <property name="BUILD_DISPLAY_NAME" value="#29"/>
    <property name="OS" value="Windows_NT"/>
    <property name="guice.disable.misplaced.annotation.check" value="true"/>
    <property name="HUDSON_SERVER_COOKIE" value="55521e52ce7937af"/>
    <property name="WORKSPACE_TMP" value="C:\Users\HareKrishna\.jenkins\workspace\DataDrivenProject@tmp"/>
    <property name="MAVEN_HOME" value="D:\software\apache-maven-3.9.6-bin\apache-maven-3.9.6"/>
    <property name="SESSIONNAME" value="Console"/>
    <property name="PATHEXT" value=".COM;.EXE;.BAT;.CMD;.VBS;.VBE;.JS;.JSE;.WSF;.WSH;.MSC;.PY;.PYW"/>
    <property name="java.awt.printerjob" value="sun.awt.windows.WPrinterJob"/>
    <property name="maven3.interceptor.common" value="C:\Users\HareKrishna\.jenkins\plugins\maven-plugin\WEB-INF\lib\maven3-interceptor-commons-1.14.jar"/>
    <property name="CLASSPATH" value=""/>
    <property name="MVN_HOME" value="D:\software\apache-maven-3.9.6-bin\apache-maven-3.9.6"/>
    <property name="jansi.mode" value="strip"/>
    <property name="HOMEPATH" value="\Users\HareKrishna"/>
    <property name="os.name" value="Windows 10"/>
    <property name="java.specification.vendor" value="Oracle Corporation"/>
    <property name="BUILD_NUMBER" value="29"/>
    <property name="java.vm.name" value="Java HotSpot(TM) 64-Bit Server VM"/>
    <property name="maven3.interceptor" value="C:\Users\HareKrishna\.jenkins\plugins\maven-plugin\WEB-INF\lib\maven35-interceptor-1.14.jar"/>
    <property name="java.library.path" value="C:\Program Files\Java\jdk-11\bin;C:\WINDOWS\Sun\Java\bin;C:\WINDOWS\system32;C:\WINDOWS;D:\software\apache-maven-3.9.6-bin\apache-maven-3.9.6/bin;C:\Program Files\Java\jdk-11/bin;C:\Program Files\Java\jdk-11/bin;C:\Program Files\OpenLogic\jdk-17.0.10.7-hotspot\bin;C:\Program Files (x86)\Common Files\Oracle\Java\javapath;C:\Python312\Scripts\;C:\Python312\;C:\WINDOWS\system32;C:\WINDOWS;C:\WINDOWS\System32\Wbem;C:\WINDOWS\System32\WindowsPowerShell\v1.0\;C:\WINDOWS\System32\OpenSSH\;C:\Program Files\OpenLogic\jdk-17.0.10.7-hotspot\\bin;D:\software\apache-maven-3.9.6-bin\apache-maven-3.9.6\bin;C:\Program Files\Git\cmd;C:\Program Files\nodejs\;C:\Program Files\Docker\Docker\resources\bin;C:\Program Files\Go\bin;D:\software\bc;D:\DevOps-Practice\sonar-scanner-cli-5.0.1.3006-windows\sonar-scanner-5.0.1.3006-windows\bin;C:\Users\HareKrishna\AppData\Local\Microsoft\WindowsApps;C:\Users\HareKrishna\AppData\Local\Programs\Microsoft VS Code\bin;C:\Users\HareKrishna\AppData\Roaming\npm;D:\software\apache-maven-3.9.6-bin\apache-maven-3.9.6\bin;C:\Users\HareKrishna\go\bin;D:\software\bc;;."/>
    <property name="HOMEDRIVE" value="C:"/>
    <property name="POM_GROUPID" value="com.DKP"/>
    <property name="POM_ARTIFACTID" value="DataDrivenFramework"/>
    <property name="java.class.version" value="55.0"/>
    <property name="JOB_URL" value="http://localhost:8080/job/DataDrivenProject/"/>
    <property name="browser" value="chrome"/>
    <property name="SynaProgDir" value="Synaptics\SynTP"/>
    <property name="OneDrive" value="C:\Users\HareKrishna\OneDrive"/>
    <property name="RUN_DISPLAY_URL" value="http://localhost:8080/job/DataDrivenProject/29/display/redirect"/>
    <property name="JENKINS_HOME" value="C:\Users\HareKrishna\.jenkins"/>
    <property name="BUILD_ID" value="29"/>
    <property name="TEMP" value="C:\Users\HAREKR~1\AppData\Local\Temp"/>
    <property name="sun.boot.library.path" value="C:\Program Files\Java\jdk-11\bin"/>
    <property name="sun.management.compiler" value="HotSpot 64-Bit Tiered Compilers"/>
    <property name="java.awt.graphicsenv" value="sun.awt.Win32GraphicsEnvironment"/>
    <property name="user.variant" value=""/>
    <property name="PROCESSOR_REVISION" value="4501"/>
    <property name="POM_VERSION" value="0.0.1-SNAPSHOT"/>
    <property name="HUDSON_HOME" value="C:\Users\HareKrishna\.jenkins"/>
    <property name="ProgramFiles(x86)" value="C:\Program Files (x86)"/>
    <property name="PATH+MAVEN" value="D:\software\apache-maven-3.9.6-bin\apache-maven-3.9.6/bin"/>
    <property name="USERDOMAIN_ROAMINGPROFILE" value="DESKTOP-9BA474E"/>
    <property name="RUN_ARTIFACTS_DISPLAY_URL" value="http://localhost:8080/job/DataDrivenProject/29/display/redirect?page=artifacts"/>
    <property name="PROMPT" value="$P$G"/>
    <property name="java.vm.specification.version" value="11"/>
    <property name="JAVA_HOME" value="C:\Program Files\Java\jdk-11"/>
    <property name="awt.toolkit" value="sun.awt.windows.WToolkit"/>
    <property name="NODE_LABELS" value="built-in"/>
    <property name="sun.cpu.isalist" value="amd64"/>
    <property name="USERPROFILE" value="C:\Users\HareKrishna"/>
    <property name="java.vm.compressedOopsMode" value="32-bit"/>
    <property name="JOB_DISPLAY_URL" value="http://localhost:8080/job/DataDrivenProject/display/redirect"/>
    <property name="os.version" value="10.0"/>
    <property name="user.home" value="C:\Users\HareKrishna"/>
    <property name="USERNAME" value="HareKrishna"/>
    <property name="java.vm.vendor" value="Oracle Corporation"/>
    <property name="PROCESSOR_LEVEL" value="6"/>
    <property name="CommonProgramW6432" value="C:\Program Files\Common Files"/>
    <property name="user.dir" value="D:\JAVASeleniumPractice\DataDrivenFramework"/>
    <property name="maven.conf" value="D:\software\apache-maven-3.9.6-bin\apache-maven-3.9.6\conf"/>
    <property name="ProgramW6432" value="C:\Program Files"/>
    <property name="TMP" value="C:\Users\HAREKR~1\AppData\Local\Temp"/>
    <property name="sun.cpu.endian" value="little"/>
    <property name="SystemDrive" value="C:"/>
    <property name="java.vm.version" value="11.0.21+9-LTS-193"/>
    <property name="java.class.path" value="C:\Users\HareKrishna\.jenkins\plugins\maven-plugin\WEB-INF\lib\maven35-agent-1.14.jar;D:\software\apache-maven-3.9.6-bin\apache-maven-3.9.6\boot\plexus-classworlds-2.7.0.jar;D:\software\apache-maven-3.9.6-bin\apache-maven-3.9.6/conf/logging"/>
    <property name="org.slf4j.simpleLogger.defaultLogLevel" value="info"/>
    <property name="os.arch" value="amd64"/>
    <property name="WORKSPACE" value="C:\Users\HareKrishna\.jenkins\workspace\DataDrivenProject"/>
    <property name="ComSpec" value="C:\WINDOWS\system32\cmd.exe"/>
    <property name="RUN_TESTS_DISPLAY_URL" value="http://localhost:8080/job/DataDrivenProject/29/display/redirect?page=tests"/>
    <property name="sun.java.launcher" value="SUN_STANDARD"/>
    <property name="java.specification.maintenance.version" value="2"/>
    <property name="FPS_BROWSER_APP_PROFILE_STRING" value="Internet Explorer"/>
    <property name="SystemRoot" value="C:\WINDOWS"/>
    <property name="CommonProgramFiles" value="C:\Program Files\Common Files"/>
    <property name="java.vm.specification.vendor" value="Oracle Corporation"/>
    <property name="FPS_BROWSER_USER_PROFILE_STRING" value="Default"/>
    <property name="file.separator" value="\"/>
    <property name="java.runtime.version" value="11.0.21+9-LTS-193"/>
    <property name="ProgramFiles" value="C:\Program Files"/>
    <property name="PATH+JDK" value="C:\Program Files\Java\jdk-11/bin"/>
    <property name="user.country" value="IN"/>
    <property name="POM_PACKAGING" value="jar"/>
    <property name="maven.home" value="D:\software\apache-maven-3.9.6-bin\apache-maven-3.9.6"/>
    <property name="JOB_BASE_NAME" value="DataDrivenProject"/>
    <property name="java.vendor.version" value="18.9"/>
    <property name="java.vendor" value="Oracle Corporation"/>
    <property name="java.specification.version" value="11"/>
    <property name="POM_DISPLAYNAME" value="DataDrivenFramework"/>
    <property name="sun.arch.data.model" value="64"/>
  </properties>
  <testcase name="loginTest" classname="com.DKP.testcases.BankManagerLoginTest" time="2.689"/>
  <testcase name="addCustomerTest" classname="com.DKP.testcases.AddCustomerTest" time="3.598"/>
  <testcase name="addCustomerTest" classname="com.DKP.testcases.AddCustomerTest" time="2.515"/>
  <testcase name="addCustomerTest" classname="com.DKP.testcases.AddCustomerTest" time="0">
    <skipped/>
  </testcase>
  <testcase name="addCustomerTest" classname="com.DKP.testcases.AddCustomerTest" time="2.591"/>
  <testcase name="addCustomerTest" classname="com.DKP.testcases.AddCustomerTest" time="0">
    <skipped/>
  </testcase>
  <testcase name="addCustomerTest" classname="com.DKP.testcases.AddCustomerTest" time="4.885"/>
  <testcase name="addCustomerTest" classname="com.DKP.testcases.AddCustomerTest" time="0">
    <skipped/>
  </testcase>
  <testcase name="openAccountTest" classname="com.DKP.testcases.OpenAccountTest" time="0">
    <skipped/>
  </testcase>
  <testcase name="Validatecustomers" classname="com.DKP.testcases.ValidateCustomers" time="3.477"/>
  <testcase name="Validatecustomers" classname="com.DKP.testcases.ValidateCustomers" time="3.373"/>
  <testcase name="Validatecustomers" classname="com.DKP.testcases.ValidateCustomers" time="3.259"/>
  <testcase name="Validatecustomers" classname="com.DKP.testcases.ValidateCustomers" time="0">
    <skipped/>
  </testcase>
  <testcase name="Validatecustomers" classname="com.DKP.testcases.ValidateCustomers" time="3.296"/>
</testsuite>