<?xml version="1.0" encoding="UTF-8"?>
<testsuite name="TestSuite" time="43.817" tests="13" errors="0" skipped="0" failures="0">
  <properties>
    <property name="java.runtime.name" value="Java(TM) SE Runtime Environment"/>
    <property name="java.vm.version" value="11.0.21+9-LTS-193"/>
    <property name="sun.boot.library.path" value="C:\Program Files\Java\jdk-11\bin"/>
    <property name="maven.multiModuleProjectDirectory" value="D:\JAVASeleniumPractice\DataDrivenFramework"/>
    <property name="java.vm.vendor" value="Oracle Corporation"/>
    <property name="java.vendor.url" value="https://openjdk.java.net/"/>
    <property name="guice.disable.misplaced.annotation.check" value="true"/>
    <property name="path.separator" value=";"/>
    <property name="java.vm.name" value="Java HotSpot(TM) 64-Bit Server VM"/>
    <property name="sun.os.patch.level" value=""/>
    <property name="user.script" value=""/>
    <property name="user.country" value="IN"/>
    <property name="sun.java.launcher" value="SUN_STANDARD"/>
    <property name="java.vm.specification.name" value="Java Virtual Machine Specification"/>
    <property name="user.dir" value="D:\JAVASeleniumPractice\DataDrivenFramework"/>
    <property name="java.vm.compressedOopsMode" value="32-bit"/>
    <property name="java.runtime.version" value="11.0.21+9-LTS-193"/>
    <property name="java.awt.graphicsenv" value="sun.awt.Win32GraphicsEnvironment"/>
    <property name="os.arch" value="amd64"/>
    <property name="java.io.tmpdir" value="C:\Users\HAREKR~1\AppData\Local\Temp\"/>
    <property name="line.separator" value="&#10;"/>
    <property name="java.vm.specification.vendor" value="Oracle Corporation"/>
    <property name="user.variant" value=""/>
    <property name="os.name" value="Windows 10"/>
    <property name="classworlds.conf" value="D:\software\apache-maven-3.9.6-bin\apache-maven-3.9.6\bin\m2.conf"/>
    <property name="sun.jnu.encoding" value="Cp1252"/>
    <property name="java.library.path" value="C:\Program Files\Java\jdk-11\bin;C:\WINDOWS\Sun\Java\bin;C:\WINDOWS\system32;C:\WINDOWS;C:\Program Files (x86)\Common Files\Oracle\Java\javapath;C:\Python312\Scripts\;C:\Python312\;C:\WINDOWS\system32;C:\WINDOWS;C:\WINDOWS\System32\Wbem;C:\WINDOWS\System32\WindowsPowerShell\v1.0\;C:\WINDOWS\System32\OpenSSH\;C:\Program Files\Java\jdk-11\bin;D:\software\apache-maven-3.9.6-bin\apache-maven-3.9.6\bin;C:\Program Files\Git\cmd;C:\Program Files\nodejs\;C:\Program Files\Docker\Docker\resources\bin;C:\Program Files\Go\bin;D:\software\bc;D:\DevOps-Practice\sonar-scanner-cli-5.0.1.3006-windows\sonar-scanner-5.0.1.3006-windows\bin;D:\software\terraform_1.9.4_windows_386;C:\Users\HareKrishna\AppData\Local\Microsoft\WindowsApps;C:\Users\HareKrishna\AppData\Local\Programs\Microsoft VS Code\bin;C:\Users\HareKrishna\AppData\Roaming\npm;D:\software\apache-maven-3.9.6-bin\apache-maven-3.9.6\bin;C:\Users\HareKrishna\go\bin;D:\software\bc;;C:\Program Files\JetBrains\IntelliJ IDEA Community Edition 2024.2.0.1\bin;;."/>
    <property name="maven.conf" value="D:\software\apache-maven-3.9.6-bin\apache-maven-3.9.6/conf"/>
    <property name="jdk.debug" value="release"/>
    <property name="java.class.version" value="55.0"/>
    <property name="java.specification.name" value="Java Platform API Specification"/>
    <property name="sun.management.compiler" value="HotSpot 64-Bit Tiered Compilers"/>
    <property name="os.version" value="10.0"/>
    <property name="library.jansi.path" value="D:\software\apache-maven-3.9.6-bin\apache-maven-3.9.6\lib\jansi-native"/>
    <property name="user.home" value="C:\Users\HareKrishna"/>
    <property name="user.timezone" value="Asia/Calcutta"/>
    <property name="java.awt.printerjob" value="sun.awt.windows.WPrinterJob"/>
    <property name="file.encoding" value="Cp1252"/>
    <property name="java.specification.version" value="11"/>
    <property name="user.name" value="HareKrishna"/>
    <property name="java.class.path" value="D:\software\apache-maven-3.9.6-bin\apache-maven-3.9.6\boot\plexus-classworlds-2.7.0.jar"/>
    <property name="java.vm.specification.version" value="11"/>
    <property name="sun.arch.data.model" value="64"/>
    <property name="sun.java.command" value="org.codehaus.plexus.classworlds.launcher.Launcher clean test"/>
    <property name="java.home" value="C:\Program Files\Java\jdk-11"/>
    <property name="user.language" value="en"/>
    <property name="java.specification.vendor" value="Oracle Corporation"/>
    <property name="awt.toolkit" value="sun.awt.windows.WToolkit"/>
    <property name="java.vm.info" value="mixed mode"/>
    <property name="java.version" value="11.0.21"/>
    <property name="java.vendor" value="Oracle Corporation"/>
    <property name="sun.stderr.encoding" value="cp437"/>
    <property name="java.specification.maintenance.version" value="2"/>
    <property name="maven.home" value="D:\software\apache-maven-3.9.6-bin\apache-maven-3.9.6"/>
    <property name="file.separator" value="\"/>
    <property name="java.version.date" value="2023-10-17"/>
    <property name="java.vendor.url.bug" value="https://bugreport.java.com/bugreport/"/>
    <property name="sun.io.unicode.encoding" value="UnicodeLittle"/>
    <property name="sun.cpu.endian" value="little"/>
    <property name="java.vendor.version" value="18.9"/>
    <property name="sun.stdout.encoding" value="cp437"/>
    <property name="sun.desktop" value="windows"/>
    <property name="sun.cpu.isalist" value="amd64"/>
  </properties>
  <testcase name="bankmanagerloginTest" classname="com.DKP.testcases.BankManagerLogin" time="1.385"/>
  <testcase name="addCustomerTest" classname="com.DKP.testcases.AddCustomer" time="3.404"/>
  <testcase name="addCustomerTest" classname="com.DKP.testcases.AddCustomer" time="2.685"/>
  <testcase name="openAccountTest" classname="com.DKP.testcases.OpenAccount" time="3.607"/>
  <testcase name="Validatecustomers" classname="com.DKP.testcases.Customers" time="3.214"/>
  <testcase name="customerloginTest" classname="com.DKP.testcases.CustomerLogin" time="3.254"/>
  <testcase name="amountDepositTest" classname="com.DKP.testcases.CustomerAmountDepositTest" time="12.604"/>
  <testcase name="amountDepositTest" classname="com.DKP.testcases.CustomerAmountDepositTest" time="13.147"/>
  <testcase name="amountDepositTest" classname="com.DKP.testcases.CustomerAmountDepositTest" time="15.155"/>
  <testcase name="amountwithdrawlTest" classname="com.DKP.testcases.CustomerAmountWithdrawlTest" time="14.998"/>
  <testcase name="amountwithdrawlTest" classname="com.DKP.testcases.CustomerAmountWithdrawlTest" time="21.635"/>
  <testcase name="amountwithdrawlTest" classname="com.DKP.testcases.CustomerAmountWithdrawlTest" time="23.337"/>
  <testcase name="customerLogoutTest" classname="com.DKP.testcases.CustomerLogoutTest" time="1.351"/>
</testsuite>