<?xml version="1.0" encoding="UTF-8"?>
<!-- Generated by org.testng.reporters.JUnitReportReporter -->
<testsuite hostname="DESKTOP-9BA474E" failures="0" tests="1" name="com.DKP.testcases.CustomerLogoutTest" time="1.754" errors="0" timestamp="18 Nov 2024 17:48:12 GMT" skipped="0">
  <testcase classname="com.DKP.testcases.CustomerLogoutTest" name="customerLogoutTest" time="1.754"/>
</testsuite> <!-- com.DKP.testcases.CustomerLogoutTest -->
