<?xml version="1.0" encoding="UTF-8"?>
<!-- Generated by org.testng.reporters.JUnitReportReporter -->
<testsuite hostname="DESKTOP-9BA474E" failures="0" tests="1" name="com.DKP.testcases.CustomerLoginTest" time="2.777" errors="0" timestamp="07 Aug 2024 18:18:48 GMT" skipped="0">
  <testcase classname="com.DKP.testcases.CustomerLoginTest" name="customerloginTest" time="2.777"/>
</testsuite> <!-- com.DKP.testcases.CustomerLoginTest -->
