<?xml version="1.0" encoding="UTF-8"?>
<!-- Generated by org.testng.reporters.JUnitReportReporter -->
<testsuite hostname="DESKTOP-9BA474E" failures="0" tests="1" name="com.DKP.testcases.CustomerLogoutTest" time="1.409" errors="0" timestamp="18 Aug 2024 15:54:59 GMT" skipped="0">
  <testcase classname="com.DKP.testcases.CustomerLogoutTest" name="customerLogoutTest" time="1.409"/>
</testsuite> <!-- com.DKP.testcases.CustomerLogoutTest -->
