<?xml version="1.0" encoding="UTF-8"?>
<!-- Generated by org.testng.reporters.JUnitReportReporter -->
<testsuite hostname="DESKTOP-9BA474E" failures="0" tests="1" name="com.DKP.testcases.CustomerLogin" time="3.194" errors="0" timestamp="18 Aug 2024 15:54:59 GMT" skipped="0">
  <testcase classname="com.DKP.testcases.CustomerLogin" name="customerloginTest" time="3.194"/>
</testsuite> <!-- com.DKP.testcases.CustomerLogin -->
