<?xml version="1.0" encoding="UTF-8"?>
<!-- Generated by org.testng.reporters.JUnitReportReporter -->
<testsuite hostname="DESKTOP-9BA474E" failures="0" tests="1" name="com.DKP.testcases.BankManagerLogin" time="0.586" errors="0" timestamp="2025-07-26T17:15:16 IST" skipped="0">
  <testcase classname="com.DKP.testcases.BankManagerLogin" name="bankmanagerloginTest" time="0.586"/>
  <system-out/>
</testsuite> <!-- com.DKP.testcases.BankManagerLogin -->
