<?xml version="1.0" encoding="UTF-8"?>
<!-- Generated by org.testng.reporters.JUnitReportReporter -->
<testsuite hostname="DESKTOP-9BA474E" failures="0" tests="3" name="com.DKP.testcases.CustomerAmountWithdrawlTest" time="59.836" errors="0" timestamp="2025-02-09T17:34:02 IST" skipped="0">
  <testcase classname="com.DKP.testcases.CustomerAmountWithdrawlTest" name="amountwithdrawlTest" time="15.184"/>
  <system-out/>
  <testcase classname="com.DKP.testcases.CustomerAmountWithdrawlTest" name="amountwithdrawlTest" time="23.281"/>
  <system-out/>
  <testcase classname="com.DKP.testcases.CustomerAmountWithdrawlTest" name="amountwithdrawlTest" time="21.371"/>
  <system-out/>
</testsuite> <!-- com.DKP.testcases.CustomerAmountWithdrawlTest -->
