<?xml version="1.0" encoding="UTF-8"?>
<!-- Generated by org.testng.reporters.JUnitReportReporter -->
<testsuite hostname="DESKTOP-9BA474E" failures="0" tests="3" name="com.DKP.testcases.CustomerAmountWithdrawlTest" time="58.960" errors="0" timestamp="18 Aug 2024 15:54:59 GMT" skipped="0">
  <testcase classname="com.DKP.testcases.CustomerAmountWithdrawlTest" name="amountwithdrawlTest" time="23.042"/>
  <testcase classname="com.DKP.testcases.CustomerAmountWithdrawlTest" name="amountwithdrawlTest" time="14.894"/>
  <testcase classname="com.DKP.testcases.CustomerAmountWithdrawlTest" name="amountwithdrawlTest" time="21.024"/>
</testsuite> <!-- com.DKP.testcases.CustomerAmountWithdrawlTest -->
