<?xml version="1.0" encoding="UTF-8"?>
<!-- Generated by org.testng.reporters.JUnitReportReporter -->
<testsuite hostname="DESKTOP-9BA474E" failures="0" tests="3" name="com.DKP.testcases.CustomerAmountWithdrawlTest" time="76.778" errors="0" timestamp="16 Nov 2024 12:34:51 GMT" skipped="0">
  <testcase classname="com.DKP.testcases.CustomerAmountWithdrawlTest" name="amountwithdrawlTest" time="28.404"/>
  <testcase classname="com.DKP.testcases.CustomerAmountWithdrawlTest" name="amountwithdrawlTest" time="29.265"/>
  <testcase classname="com.DKP.testcases.CustomerAmountWithdrawlTest" name="amountwithdrawlTest" time="19.109"/>
</testsuite> <!-- com.DKP.testcases.CustomerAmountWithdrawlTest -->
