<?xml version="1.0" encoding="UTF-8"?>
<!-- Generated by org.testng.reporters.JUnitReportReporter -->
<testsuite hostname="DESKTOP-9BA474E" failures="0" tests="3" name="com.DKP.testcases.CustomerAmountDepositTest" time="40.540" errors="0" timestamp="17 Aug 2024 18:26:52 GMT" skipped="0">
  <testcase classname="com.DKP.testcases.CustomerAmountDepositTest" name="amountDepositTest" time="13.271"/>
  <testcase classname="com.DKP.testcases.CustomerAmountDepositTest" name="amountDepositTest" time="15.153"/>
  <testcase classname="com.DKP.testcases.CustomerAmountDepositTest" name="amountDepositTest" time="12.116"/>
</testsuite> <!-- com.DKP.testcases.CustomerAmountDepositTest -->
