<?xml version="1.0" encoding="UTF-8"?>
<!-- Generated by org.testng.reporters.JUnitReportReporter -->
<testsuite hostname="DESKTOP-9BA474E" failures="0" tests="1" name="com.DKP.testcases.CustomerLogin" time="3.453" errors="0" timestamp="2025-02-09T17:34:02 IST" skipped="0">
  <testcase classname="com.DKP.testcases.CustomerLogin" name="customerloginTest" time="3.453"/>
  <system-out/>
</testsuite> <!-- com.DKP.testcases.CustomerLogin -->
