<?xml version="1.0" encoding="UTF-8"?>
<!-- Generated by org.testng.reporters.JUnitReportReporter -->
<testsuite hostname="DESKTOP-9BA474E" failures="0" tests="1" name="com.DKP.testcases.OpenAccountTest" time="2.840" errors="0" timestamp="10 Aug 2024 05:04:24 GMT" skipped="0">
  <testcase classname="com.DKP.testcases.OpenAccountTest" name="openAccountTest" time="2.840"/>
</testsuite> <!-- com.DKP.testcases.OpenAccountTest -->
