<?xml version="1.0" encoding="UTF-8"?>
<!-- Generated by org.testng.reporters.JUnitReportReporter -->
<testsuite hostname="DESKTOP-9BA474E" failures="0" tests="2" name="com.DKP.testcases.AddCustomer" time="6.080" errors="0" timestamp="17 Aug 2024 18:26:52 GMT" skipped="0">
  <testcase classname="com.DKP.testcases.AddCustomer" name="addCustomerTest" time="2.829"/>
  <testcase classname="com.DKP.testcases.AddCustomer" name="addCustomerTest" time="3.251"/>
</testsuite> <!-- com.DKP.testcases.AddCustomer -->
