<?xml version="1.0" encoding="UTF-8"?>
<!-- Generated by org.testng.reporters.JUnitReportReporter -->
<testsuite hostname="DESKTOP-9BA474E" failures="0" tests="2" name="com.DKP.testcases.CustomerAmountTransactionDetailsTest" time="10.664" errors="0" timestamp="11 Aug 2024 14:25:31 GMT" skipped="1">
  <testcase classname="com.DKP.testcases.CustomerAmountTransactionDetailsTest" name="amountTransactionDetailsTest" time="0.006">
    <skipped/>
  </testcase> <!-- amountTransactionDetailsTest -->
  <testcase classname="com.DKP.testcases.CustomerAmountTransactionDetailsTest" name="amountTransactionDetailsTest" time="10.658"/>
</testsuite> <!-- com.DKP.testcases.CustomerAmountTransactionDetailsTest -->
