<?xml version="1.0" encoding="UTF-8"?>
<!-- Generated by org.testng.reporters.JUnitReportReporter -->
<testsuite hostname="DESKTOP-9BA474E" failures="0" tests="2" name="com.DKP.testcases.AddCustomer" time="6.467" errors="0" timestamp="18 Nov 2024 17:48:12 GMT" skipped="0">
  <testcase classname="com.DKP.testcases.AddCustomer" name="addCustomerTest" time="3.352"/>
  <testcase classname="com.DKP.testcases.AddCustomer" name="addCustomerTest" time="3.115"/>
</testsuite> <!-- com.DKP.testcases.AddCustomer -->
