<?xml version="1.0" encoding="UTF-8"?>
<!-- Generated by org.testng.reporters.JUnitReportReporter -->
<testsuite hostname="DESKTOP-9BA474E" failures="0" tests="1" name="com.DKP.testcases.CustomerAmountDepositTest" time="5.323" errors="0" timestamp="11 Aug 2024 14:25:31 GMT" skipped="0">
  <testcase classname="com.DKP.testcases.CustomerAmountDepositTest" name="amountDepositTest" time="5.323"/>
</testsuite> <!-- com.DKP.testcases.CustomerAmountDepositTest -->
