<?xml version="1.0" encoding="UTF-8"?>
<!-- Generated by org.testng.reporters.JUnitReportReporter -->
<testsuite hostname="DESKTOP-9BA474E" failures="0" tests="1" name="com.DKP.testcases.LoginTest" time="3.151" errors="0" timestamp="30 Mar 2024 09:57:13 GMT" skipped="0">
  <testcase classname="com.DKP.testcases.LoginTest" name="loginAsBankManager" time="3.151"/>
</testsuite> <!-- com.DKP.testcases.LoginTest -->
