<?xml version="1.0" encoding="UTF-8"?>
<!-- Generated by org.testng.reporters.JUnitReportReporter -->
<testsuite hostname="DESKTOP-9BA474E" failures="0" tests="2" name="com.DKP.testcases.AddCustomer" time="7.484" errors="0" timestamp="11 Aug 2024 14:25:31 GMT" skipped="0">
  <testcase classname="com.DKP.testcases.AddCustomer" name="addCustomerTest" time="2.882"/>
  <testcase classname="com.DKP.testcases.AddCustomer" name="addCustomerTest" time="4.602"/>
</testsuite> <!-- com.DKP.testcases.AddCustomer -->
