<?xml version="1.0" encoding="UTF-8"?>
<!-- Generated by org.testng.reporters.JUnitReportReporter -->
<testsuite hostname="DESKTOP-9BA474E" failures="0" tests="1" name="com.DKP.testcases.ValidateCustomers" time="5.560" errors="0" timestamp="28 Jul 2024 17:54:43 GMT" skipped="0">
  <testcase classname="com.DKP.testcases.ValidateCustomers" name="Validatecustomers" time="5.560"/>
</testsuite> <!-- com.DKP.testcases.ValidateCustomers -->
