<?xml version="1.0" encoding="UTF-8"?>
<!-- Generated by org.testng.reporters.JUnitReportReporter -->
<testsuite hostname="DESKTOP-9BA474E" failures="0" tests="3" name="com.DKP.testcases.CustomerAmountDepositTest" time="39.400" errors="0" timestamp="2025-07-26T17:15:16 IST" skipped="0">
  <testcase classname="com.DKP.testcases.CustomerAmountDepositTest" name="amountDepositTest" time="11.403"/>
  <system-out/>
  <testcase classname="com.DKP.testcases.CustomerAmountDepositTest" name="amountDepositTest" time="15.022"/>
  <system-out/>
  <testcase classname="com.DKP.testcases.CustomerAmountDepositTest" name="amountDepositTest" time="12.975"/>
  <system-out/>
</testsuite> <!-- com.DKP.testcases.CustomerAmountDepositTest -->
