<?xml version="1.0" encoding="UTF-8"?>
<!-- Generated by org.testng.reporters.JUnitReportReporter -->
<testsuite hostname="DESKTOP-9BA474E" failures="0" tests="2" name="com.DKP.testcases.AddCustomer" time="6.418" errors="0" timestamp="2025-07-26T17:15:16 IST" skipped="0">
  <testcase classname="com.DKP.testcases.AddCustomer" name="addCustomerTest" time="2.584"/>
  <system-out/>
  <testcase classname="com.DKP.testcases.AddCustomer" name="addCustomerTest" time="3.834"/>
  <system-out/>
</testsuite> <!-- com.DKP.testcases.AddCustomer -->
