<?xml version="1.0" encoding="UTF-8"?>
<!-- Generated by org.testng.reporters.JUnitReportReporter -->
<testsuite hostname="DESKTOP-9BA474E" failures="0" tests="3" name="com.DKP.testcases.CustomerAmountWithdrawlTest" time="60.646" errors="0" timestamp="17 Aug 2024 18:26:52 GMT" skipped="0">
  <testcase classname="com.DKP.testcases.CustomerAmountWithdrawlTest" name="amountwithdrawlTest" time="21.633"/>
  <testcase classname="com.DKP.testcases.CustomerAmountWithdrawlTest" name="amountwithdrawlTest" time="15.445"/>
  <testcase classname="com.DKP.testcases.CustomerAmountWithdrawlTest" name="amountwithdrawlTest" time="23.568"/>
</testsuite> <!-- com.DKP.testcases.CustomerAmountWithdrawlTest -->
