<?xml version="1.0" encoding="UTF-8"?>
<!-- Generated by org.testng.reporters.JUnitReportReporter -->
<testsuite hostname="DESKTOP-9BA474E" failures="0" tests="3" name="com.DKP.testcases.CustomerAmountWithdrawlTest" time="72.649" errors="0" timestamp="18 Nov 2024 17:48:12 GMT" skipped="0">
  <testcase classname="com.DKP.testcases.CustomerAmountWithdrawlTest" name="amountwithdrawlTest" time="20.575"/>
  <testcase classname="com.DKP.testcases.CustomerAmountWithdrawlTest" name="amountwithdrawlTest" time="26.558"/>
  <testcase classname="com.DKP.testcases.CustomerAmountWithdrawlTest" name="amountwithdrawlTest" time="25.516"/>
</testsuite> <!-- com.DKP.testcases.CustomerAmountWithdrawlTest -->
