<?xml version="1.0" encoding="UTF-8"?>
<!-- Generated by org.testng.reporters.JUnitReportReporter -->
<testsuite hostname="DESKTOP-9BA474E" failures="0" tests="1" name="com.DKP.testcases.CustomerLogin" time="4.098" errors="0" timestamp="17 Aug 2024 18:26:52 GMT" skipped="0">
  <testcase classname="com.DKP.testcases.CustomerLogin" name="customerloginTest" time="4.098"/>
</testsuite> <!-- com.DKP.testcases.CustomerLogin -->
