<?xml version="1.0" encoding="UTF-8"?>
<!-- Generated by org.testng.reporters.JUnitReportReporter -->
<testsuite hostname="DESKTOP-9BA474E" failures="0" tests="3" name="com.DKP.testcases.CustomerAmountDepositTest" time="55.393" errors="0" timestamp="16 Nov 2024 12:34:51 GMT" skipped="0">
  <testcase classname="com.DKP.testcases.CustomerAmountDepositTest" name="amountDepositTest" time="14.270"/>
  <testcase classname="com.DKP.testcases.CustomerAmountDepositTest" name="amountDepositTest" time="23.127"/>
  <testcase classname="com.DKP.testcases.CustomerAmountDepositTest" name="amountDepositTest" time="17.996"/>
</testsuite> <!-- com.DKP.testcases.CustomerAmountDepositTest -->
