<?xml version="1.0" encoding="UTF-8"?>
<!-- Generated by org.testng.reporters.JUnitReportReporter -->
<testsuite hostname="DESKTOP-9BA474E" failures="0" tests="1" name="com.DKP.testcases.Customers" time="6.109" errors="0" timestamp="16 Nov 2024 12:34:50 GMT" skipped="0">
  <testcase classname="com.DKP.testcases.Customers" name="Validatecustomers" time="6.109"/>
</testsuite> <!-- com.DKP.testcases.Customers -->
