<?xml version="1.0" encoding="UTF-8"?>
<!-- Generated by org.testng.reporters.JUnitReportReporter -->
<testsuite hostname="DESKTOP-9BA474E" failures="0" tests="2" name="com.DKP.testcases.AddCustomer" time="6.967" errors="0" timestamp="16 Nov 2024 12:34:51 GMT" skipped="0">
  <testcase classname="com.DKP.testcases.AddCustomer" name="addCustomerTest" time="3.509"/>
  <testcase classname="com.DKP.testcases.AddCustomer" name="addCustomerTest" time="3.458"/>
</testsuite> <!-- com.DKP.testcases.AddCustomer -->
