<?xml version="1.0" encoding="UTF-8"?>
<!-- Generated by org.testng.reporters.JUnitReportReporter -->
<testsuite hostname="DESKTOP-9BA474E" failures="0" tests="1" name="com.DKP.testcases.OpenAccountTest" time="0.001" errors="0" timestamp="06 Jul 2024 08:39:29 GMT" skipped="1">
  <testcase classname="com.DKP.testcases.OpenAccountTest" name="openAccountTest" time="0.001">
    <skipped/>
  </testcase> <!-- openAccountTest -->
</testsuite> <!-- com.DKP.testcases.OpenAccountTest -->
