<?xml version="1.0" encoding="UTF-8"?>
<!-- Generated by org.testng.reporters.JUnitReportReporter -->
<testsuite hostname="DESKTOP-9BA474E" failures="0" tests="2" name="com.DKP.testcases.AddCustomer" time="6.093" errors="0" timestamp="18 Aug 2024 18:09:25 GMT" skipped="0">
  <testcase classname="com.DKP.testcases.AddCustomer" name="addCustomerTest" time="2.686"/>
  <testcase classname="com.DKP.testcases.AddCustomer" name="addCustomerTest" time="3.407"/>
</testsuite> <!-- com.DKP.testcases.AddCustomer -->
