<?xml version="1.0" encoding="UTF-8"?>
<!-- Generated by org.testng.reporters.JUnitReportReporter -->
<testsuite hostname="DESKTOP-9BA474E" failures="0" tests="1" name="com.DKP.testcases.CustomerLogoutTest" time="1.930" errors="0" timestamp="2025-02-09T20:24:54 IST" skipped="0">
  <testcase classname="com.DKP.testcases.CustomerLogoutTest" name="customerLogoutTest" time="1.930"/>
  <system-out/>
</testsuite> <!-- com.DKP.testcases.CustomerLogoutTest -->
