<?xml version="1.0" encoding="UTF-8"?>
<!-- Generated by org.testng.reporters.JUnitReportReporter -->
<testsuite hostname="DESKTOP-9BA474E" failures="0" tests="5" name="com.DKP.testcases.ValidateCustomers" time="13.411" errors="0" timestamp="06 Jul 2024 08:39:29 GMT" skipped="1">
  <testcase classname="com.DKP.testcases.ValidateCustomers" name="Validatecustomers" time="3.482"/>
  <testcase classname="com.DKP.testcases.ValidateCustomers" name="Validatecustomers" time="3.373"/>
  <testcase classname="com.DKP.testcases.ValidateCustomers" name="Validatecustomers" time="3.296"/>
  <testcase classname="com.DKP.testcases.ValidateCustomers" name="Validatecustomers" time="0.001">
    <skipped/>
  </testcase> <!-- Validatecustomers -->
  <testcase classname="com.DKP.testcases.ValidateCustomers" name="Validatecustomers" time="3.259"/>
</testsuite> <!-- com.DKP.testcases.ValidateCustomers -->
