<?xml version="1.0" encoding="UTF-8"?>
<!-- Generated by org.testng.reporters.JUnitReportReporter -->
<testsuite hostname="DESKTOP-9BA474E" failures="0" tests="3" name="com.DKP.testcases.CustomerAmountDepositTest" time="46.448" errors="0" timestamp="2025-02-09T20:24:54 IST" skipped="0">
  <testcase classname="com.DKP.testcases.CustomerAmountDepositTest" name="amountDepositTest" time="17.768"/>
  <system-out/>
  <testcase classname="com.DKP.testcases.CustomerAmountDepositTest" name="amountDepositTest" time="14.820"/>
  <system-out/>
  <testcase classname="com.DKP.testcases.CustomerAmountDepositTest" name="amountDepositTest" time="13.860"/>
  <system-out/>
</testsuite> <!-- com.DKP.testcases.CustomerAmountDepositTest -->
