<?xml version="1.0" encoding="UTF-8"?>
<!-- Generated by org.testng.reporters.JUnitReportReporter -->
<testsuite hostname="DESKTOP-9BA474E" failures="0" tests="1" name="com.DKP.testcases.BankManagerLoginTest" time="2.702" errors="0" timestamp="06 Jul 2024 08:39:29 GMT" skipped="0">
  <testcase classname="com.DKP.testcases.BankManagerLoginTest" name="loginTest" time="2.702"/>
</testsuite> <!-- com.DKP.testcases.BankManagerLoginTest -->
