<?xml version="1.0" encoding="UTF-8"?>
<!-- Generated by org.testng.reporters.JUnitReportReporter -->
<testsuite hostname="DESKTOP-9BA474E" failures="0" tests="2" name="com.DKP.testcases.AddCustomer" time="7.356" errors="0" timestamp="2025-02-09T20:24:54 IST" skipped="0">
  <testcase classname="com.DKP.testcases.AddCustomer" name="addCustomerTest" time="3.318"/>
  <system-out/>
  <testcase classname="com.DKP.testcases.AddCustomer" name="addCustomerTest" time="4.038"/>
  <system-out/>
</testsuite> <!-- com.DKP.testcases.AddCustomer -->
