<?xml version="1.0" encoding="UTF-8"?>
<!-- Generated by org.testng.reporters.JUnitReportReporter -->
<testsuite hostname="DESKTOP-9BA474E" failures="0" tests="7" name="com.DKP.testcases.AddCustomerTest" time="13.592" errors="0" timestamp="06 Jul 2024 08:39:29 GMT" skipped="3">
  <testcase classname="com.DKP.testcases.AddCustomerTest" name="addCustomerTest" time="4.884"/>
  <testcase classname="com.DKP.testcases.AddCustomerTest" name="addCustomerTest" time="2.515"/>
  <testcase classname="com.DKP.testcases.AddCustomerTest" name="addCustomerTest" time="0.002">
    <skipped/>
  </testcase> <!-- addCustomerTest -->
  <testcase classname="com.DKP.testcases.AddCustomerTest" name="addCustomerTest" time="0.001">
    <skipped/>
  </testcase> <!-- addCustomerTest -->
  <testcase classname="com.DKP.testcases.AddCustomerTest" name="addCustomerTest" time="2.590"/>
  <testcase classname="com.DKP.testcases.AddCustomerTest" name="addCustomerTest" time="3.599"/>
  <testcase classname="com.DKP.testcases.AddCustomerTest" name="addCustomerTest" time="0.001">
    <skipped/>
  </testcase> <!-- addCustomerTest -->
</testsuite> <!-- com.DKP.testcases.AddCustomerTest -->
