<?xml version="1.0" encoding="UTF-8"?>
<!-- Generated by org.testng.reporters.JUnitReportReporter -->
<testsuite hostname="DESKTOP-9BA474E" failures="0" tests="1" name="com.DKP.testcases.BankManagerLogin" time="0.764" errors="0" timestamp="18 Aug 2024 12:46:42 GMT" skipped="0">
  <testcase classname="com.DKP.testcases.BankManagerLogin" name="bankmanagerloginTest" time="0.764"/>
</testsuite> <!-- com.DKP.testcases.BankManagerLogin -->
